{"timestamp": "2025-10-20T15:33:18.864706", "action": "DOCUMENT_UPLOAD", "patient_id_hash": "6e0db23e574a1ab873107c341efbc5fa22616d3eecb1cecfac12b9d22589c203", "user_id": "WEBAPP", "details": "processor=MedicalDocumentProcessor"}
{"timestamp": "2025-10-20T15:33:27.267336", "action": "CLINICAL_RECOMMENDATION", "patient_id_hash": "6e0db23e574a1ab873107c341efbc5fa22616d3eecb1cecfac12b9d22589c203", "recommendation": {"recommendation_type": "CARDIOVASCULAR_TRIAGE", "urgency": "ROUTINE", "reasoning": "Assessment aligns with NICE pathways for ACS/chest pain and valve disease (CG95, NG185, NG208).  Recommendations reflect guideline pathways and do not replace clinician judgement.", "confidence_level": "cautious", "red_flags": ["aortic stenosis"], "suggested_timeframe": "Routine outpatient assessment; pursue non-urgent diagnostics per guideline", "evidence_basis": "NICE CG95 (recent-onset chest pain); NICE NG185 (acute coronary syndromes); NICE NG208 (heart valve disease); NHS England Adult Cardiac Surgery Service Specification."}}
{"timestamp": "2025-10-20T15:34:00.030567", "action": "DOCUMENT_UPLOAD", "patient_id_hash": "6e0db23e574a1ab873107c341efbc5fa22616d3eecb1cecfac12b9d22589c203", "user_id": "WEBAPP", "details": "processor=MedicalDocumentProcessor"}
{"timestamp": "2025-10-20T15:34:00.146744", "action": "CLINICAL_RECOMMENDATION", "patient_id_hash": "6e0db23e574a1ab873107c341efbc5fa22616d3eecb1cecfac12b9d22589c203", "recommendation": {"recommendation_type": "CARDIOVASCULAR_TRIAGE", "urgency": "EMERGENCY", "reasoning": "Assessment aligns with NICE pathways for ACS/chest pain and valve disease (CG95, NG185, NG208).  Recommendations reflect guideline pathways and do not replace clinician judgement.", "confidence_level": "cautious", "red_flags": ["diaphoresis", "haemodynamic instability"], "suggested_timeframe": "Immediate assessment in ED / cath lab consideration (per NICE NG185 for ACS)", "evidence_basis": "NICE CG95 (recent-onset chest pain); NICE NG185 (acute coronary syndromes); NICE NG208 (heart valve disease); NHS England Adult Cardiac Surgery Service Specification."}}
{"timestamp": "2025-10-20T15:38:27.709207", "action": "DOCUMENT_UPLOAD", "patient_id_hash": "6e0db23e574a1ab873107c341efbc5fa22616d3eecb1cecfac12b9d22589c203", "user_id": "WEBAPP", "details": "processor=MedicalDocumentProcessor"}
{"timestamp": "2025-10-20T15:38:27.812225", "action": "CLINICAL_RECOMMENDATION", "patient_id_hash": "6e0db23e574a1ab873107c341efbc5fa22616d3eecb1cecfac12b9d22589c203", "recommendation": {"recommendation_type": "CARDIOVASCULAR_TRIAGE", "urgency": "ROUTINE", "reasoning": "Assessment aligns with NICE pathways for ACS/chest pain and valve disease (CG95, NG185, NG208).  Recommendations reflect guideline pathways and do not replace clinician judgement.", "confidence_level": "cautious", "red_flags": ["aortic stenosis"], "suggested_timeframe": "Routine outpatient assessment; pursue non-urgent diagnostics per guideline", "evidence_basis": "NICE CG95 (recent-onset chest pain); NICE NG185 (acute coronary syndromes); NICE NG208 (heart valve disease); NHS England Adult Cardiac Surgery Service Specification."}}
{"timestamp": "2025-10-20T15:38:44.152511", "action": "DOCUMENT_UPLOAD", "patient_id_hash": "6e0db23e574a1ab873107c341efbc5fa22616d3eecb1cecfac12b9d22589c203", "user_id": "WEBAPP", "details": "processor=MedicalDocumentProcessor"}
{"timestamp": "2025-10-20T15:38:44.240552", "action": "CLINICAL_RECOMMENDATION", "patient_id_hash": "6e0db23e574a1ab873107c341efbc5fa22616d3eecb1cecfac12b9d22589c203", "recommendation": {"recommendation_type": "CARDIOVASCULAR_TRIAGE", "urgency": "EMERGENCY", "reasoning": "Assessment aligns with NICE pathways for ACS/chest pain and valve disease (CG95, NG185, NG208).  Recommendations reflect guideline pathways and do not replace clinician judgement.", "confidence_level": "cautious", "red_flags": ["diaphoresis", "haemodynamic instability"], "suggested_timeframe": "Immediate assessment in ED / cath lab consideration (per NICE NG185 for ACS)", "evidence_basis": "NICE CG95 (recent-onset chest pain); NICE NG185 (acute coronary syndromes); NICE NG208 (heart valve disease); NHS England Adult Cardiac Surgery Service Specification."}}
{"timestamp": "2025-10-20T16:00:16.738794", "action": "DOCUMENT_UPLOAD", "patient_id_hash": "6e0db23e574a1ab873107c341efbc5fa22616d3eecb1cecfac12b9d22589c203", "user_id": "WEBAPP", "details": "processor=MedicalDocumentProcessor"}
{"timestamp": "2025-10-20T16:04:25.628522", "action": "DOCUMENT_UPLOAD", "patient_id_hash": "6e0db23e574a1ab873107c341efbc5fa22616d3eecb1cecfac12b9d22589c203", "user_id": "WEBAPP", "details": "processor=MedicalDocumentProcessor"}
{"timestamp": "2025-10-20T16:04:26.158685", "action": "CLINICAL_RECOMMENDATION", "patient_id_hash": "6e0db23e574a1ab873107c341efbc5fa22616d3eecb1cecfac12b9d22589c203", "recommendation": {"recommendation_type": "CARDIOVASCULAR_TRIAGE", "urgency": "ROUTINE", "reasoning": "Assessment aligns with NICE pathways for ACS/chest pain and valve disease (CG95, NG185, NG208).  Recommendations reflect guideline pathways and do not replace clinician judgement.", "confidence_level": "cautious", "red_flags": ["aortic stenosis"], "suggested_timeframe": "Routine outpatient assessment; pursue non-urgent diagnostics per guideline", "evidence_basis": "NICE CG95 (recent-onset chest pain); NICE NG185 (acute coronary syndromes); NICE NG208 (heart valve disease); NHS England Adult Cardiac Surgery Service Specification."}}
{"timestamp": "2025-10-20T16:04:46.557169", "action": "DOCUMENT_UPLOAD", "patient_id_hash": "6e0db23e574a1ab873107c341efbc5fa22616d3eecb1cecfac12b9d22589c203", "user_id": "WEBAPP", "details": "processor=MedicalDocumentProcessor"}
{"timestamp": "2025-10-20T16:04:46.743588", "action": "CLINICAL_RECOMMENDATION", "patient_id_hash": "6e0db23e574a1ab873107c341efbc5fa22616d3eecb1cecfac12b9d22589c203", "recommendation": {"recommendation_type": "CARDIOVASCULAR_TRIAGE", "urgency": "EMERGENCY", "reasoning": "Assessment aligns with NICE pathways for ACS/chest pain and valve disease (CG95, NG185, NG208).  Recommendations reflect guideline pathways and do not replace clinician judgement.", "confidence_level": "cautious", "red_flags": ["diaphoresis", "haemodynamic instability"], "suggested_timeframe": "Immediate assessment in ED / cath lab consideration (per NICE NG185 for ACS)", "evidence_basis": "NICE CG95 (recent-onset chest pain); NICE NG185 (acute coronary syndromes); NICE NG208 (heart valve disease); NHS England Adult Cardiac Surgery Service Specification."}}
{"timestamp": "2025-10-20T16:21:56.186174", "action": "DOCUMENT_UPLOAD", "patient_id_hash": "6e0db23e574a1ab873107c341efbc5fa22616d3eecb1cecfac12b9d22589c203", "user_id": "WEBAPP", "details": "processor=MedicalDocumentProcessor"}
{"timestamp": "2025-10-20T16:21:56.310995", "action": "ERROR", "component": "MedicalDocumentProcessor", "patient_id_hash": "6e0db23e574a1ab873107c341efbc5fa22616d3eecb1cecfac12b9d22589c203", "error": "module 'backend.kb_chroma' has no attribute 'query'"}
{"timestamp": "2025-10-20T16:22:08.910520", "action": "DOCUMENT_UPLOAD", "patient_id_hash": "6e0db23e574a1ab873107c341efbc5fa22616d3eecb1cecfac12b9d22589c203", "user_id": "WEBAPP", "details": "processor=MedicalDocumentProcessor"}
{"timestamp": "2025-10-20T16:22:09.207448", "action": "ERROR", "component": "MedicalDocumentProcessor", "patient_id_hash": "6e0db23e574a1ab873107c341efbc5fa22616d3eecb1cecfac12b9d22589c203", "error": "module 'backend.kb_chroma' has no attribute 'query'"}
{"timestamp": "2025-10-20T16:28:29.718733", "action": "DOCUMENT_UPLOAD", "patient_id_hash": "6e0db23e574a1ab873107c341efbc5fa22616d3eecb1cecfac12b9d22589c203", "user_id": "WEBAPP", "details": "processor=MedicalDocumentProcessor"}
{"timestamp": "2025-10-20T16:28:29.831851", "action": "ERROR", "component": "MedicalDocumentProcessor", "patient_id_hash": "6e0db23e574a1ab873107c341efbc5fa22616d3eecb1cecfac12b9d22589c203", "error": "module 'backend.kb_chroma' has no attribute 'query'"}
{"timestamp": "2025-10-20T16:29:53.362826", "action": "DOCUMENT_UPLOAD", "patient_id_hash": "6e0db23e574a1ab873107c341efbc5fa22616d3eecb1cecfac12b9d22589c203", "user_id": "WEBAPP", "details": "processor=MedicalDocumentProcessor"}
{"timestamp": "2025-10-20T16:29:53.433683", "action": "ERROR", "component": "MedicalDocumentProcessor", "patient_id_hash": "6e0db23e574a1ab873107c341efbc5fa22616d3eecb1cecfac12b9d22589c203", "error": "module 'backend.kb_chroma' has no attribute 'query'"}
{"timestamp": "2025-10-20T16:36:28.159038", "action": "DOCUMENT_UPLOAD", "patient_id_hash": "6e0db23e574a1ab873107c341efbc5fa22616d3eecb1cecfac12b9d22589c203", "user_id": "WEBAPP", "details": "processor=MedicalDocumentProcessor"}
{"timestamp": "2025-10-20T16:36:28.487548", "action": "ERROR", "component": "MedicalDocumentProcessor", "patient_id_hash": "6e0db23e574a1ab873107c341efbc5fa22616d3eecb1cecfac12b9d22589c203", "error": "module 'backend.kb_chroma' has no attribute 'query'"}
{"timestamp": "2025-10-20T17:14:14.441741", "action": "DOCUMENT_UPLOAD", "patient_id_hash": "6e0db23e574a1ab873107c341efbc5fa22616d3eecb1cecfac12b9d22589c203", "user_id": "WEBAPP", "details": "processor=MedicalDocumentProcessor"}
{"timestamp": "2025-10-20T17:14:14.768129", "action": "ERROR", "component": "MedicalDocumentProcessor", "patient_id_hash": "6e0db23e574a1ab873107c341efbc5fa22616d3eecb1cecfac12b9d22589c203", "error": "module 'backend.kb_chroma' has no attribute 'query'"}
{"timestamp": "2025-10-20T17:24:47.564816", "action": "DOCUMENT_UPLOAD", "patient_id_hash": "6e0db23e574a1ab873107c341efbc5fa22616d3eecb1cecfac12b9d22589c203", "user_id": "WEBAPP", "details": "processor=MedicalDocumentProcessor"}
{"timestamp": "2025-10-20T17:24:47.587283", "action": "ERROR", "component": "MedicalDocumentProcessor", "patient_id_hash": "6e0db23e574a1ab873107c341efbc5fa22616d3eecb1cecfac12b9d22589c203", "error": "module 'backend.kb_chroma' has no attribute 'query'"}
{"timestamp": "2025-10-20T17:28:37.389298", "action": "DOCUMENT_UPLOAD", "patient_id_hash": "6e0db23e574a1ab873107c341efbc5fa22616d3eecb1cecfac12b9d22589c203", "user_id": "WEBAPP", "details": "processor=MedicalDocumentProcessor"}
{"timestamp": "2025-10-20T17:28:37.491755", "action": "ERROR", "component": "MedicalDocumentProcessor", "patient_id_hash": "6e0db23e574a1ab873107c341efbc5fa22616d3eecb1cecfac12b9d22589c203", "error": "module 'backend.kb_chroma' has no attribute 'query'"}
{"timestamp": "2025-10-20T17:32:20.957613", "action": "DOCUMENT_UPLOAD", "patient_id_hash": "6e0db23e574a1ab873107c341efbc5fa22616d3eecb1cecfac12b9d22589c203", "user_id": "WEBAPP", "details": "processor=MedicalDocumentProcessor"}
{"timestamp": "2025-10-20T17:32:20.990502", "action": "ERROR", "component": "MedicalDocumentProcessor", "patient_id_hash": "6e0db23e574a1ab873107c341efbc5fa22616d3eecb1cecfac12b9d22589c203", "error": "module 'backend.kb_chroma' has no attribute 'query'"}
{"timestamp": "2025-10-20T17:32:31.079490", "action": "DOCUMENT_UPLOAD", "patient_id_hash": "6e0db23e574a1ab873107c341efbc5fa22616d3eecb1cecfac12b9d22589c203", "user_id": "WEBAPP", "details": "processor=MedicalDocumentProcessor"}
{"timestamp": "2025-10-20T17:32:31.179089", "action": "ERROR", "component": "MedicalDocumentProcessor", "patient_id_hash": "6e0db23e574a1ab873107c341efbc5fa22616d3eecb1cecfac12b9d22589c203", "error": "module 'backend.kb_chroma' has no attribute 'query'"}
{"timestamp": "2025-10-20T17:38:12.649281", "action": "DOCUMENT_UPLOAD", "patient_id_hash": "6e0db23e574a1ab873107c341efbc5fa22616d3eecb1cecfac12b9d22589c203", "user_id": "WEBAPP", "details": "processor=MedicalDocumentProcessor"}
{"timestamp": "2025-10-20T17:38:17.706086", "action": "ERROR", "component": "MedicalDocumentProcessor", "patient_id_hash": "6e0db23e574a1ab873107c341efbc5fa22616d3eecb1cecfac12b9d22589c203", "error": "'ClinicalRecommendationEngine' object has no attribute 'generate_recommendation'"}
{"timestamp": "2025-10-20T17:38:28.624786", "action": "DOCUMENT_UPLOAD", "patient_id_hash": "6e0db23e574a1ab873107c341efbc5fa22616d3eecb1cecfac12b9d22589c203", "user_id": "WEBAPP", "details": "processor=MedicalDocumentProcessor"}
{"timestamp": "2025-10-20T17:38:28.775432", "action": "ERROR", "component": "MedicalDocumentProcessor", "patient_id_hash": "6e0db23e574a1ab873107c341efbc5fa22616d3eecb1cecfac12b9d22589c203", "error": "'ClinicalRecommendationEngine' object has no attribute 'generate_recommendation'"}
{"timestamp": "2025-10-20T17:46:55.937009", "action": "DOCUMENT_UPLOAD", "patient_id_hash": "6e0db23e574a1ab873107c341efbc5fa22616d3eecb1cecfac12b9d22589c203", "user_id": "WEBAPP", "details": "processor=MedicalDocumentProcessor"}
{"timestamp": "2025-10-20T17:46:55.947067", "action": "ERROR", "component": "MedicalDocumentProcessor", "patient_id_hash": "6e0db23e574a1ab873107c341efbc5fa22616d3eecb1cecfac12b9d22589c203", "error": "name 'normalized_excerpt' is not defined"}
{"timestamp": "2025-10-20T17:51:38.563968", "action": "DOCUMENT_UPLOAD", "patient_id_hash": "6e0db23e574a1ab873107c341efbc5fa22616d3eecb1cecfac12b9d22589c203", "user_id": "WEBAPP", "details": "processor=MedicalDocumentProcessor"}
{"timestamp": "2025-10-20T17:51:53.662864", "action": "DOCUMENT_UPLOAD", "patient_id_hash": "6e0db23e574a1ab873107c341efbc5fa22616d3eecb1cecfac12b9d22589c203", "user_id": "WEBAPP", "details": "processor=MedicalDocumentProcessor"}
{"timestamp": "2025-10-20T17:52:03.320701", "action": "DOCUMENT_UPLOAD", "patient_id_hash": "6e0db23e574a1ab873107c341efbc5fa22616d3eecb1cecfac12b9d22589c203", "user_id": "WEBAPP", "details": "processor=MedicalDocumentProcessor"}
{"timestamp": "2025-10-20T17:52:17.920778", "action": "DOCUMENT_UPLOAD", "patient_id_hash": "6e0db23e574a1ab873107c341efbc5fa22616d3eecb1cecfac12b9d22589c203", "user_id": "WEBAPP", "details": "processor=MedicalDocumentProcessor"}
{"timestamp": "2025-10-20T17:52:34.471607", "action": "DOCUMENT_UPLOAD", "patient_id_hash": "6e0db23e574a1ab873107c341efbc5fa22616d3eecb1cecfac12b9d22589c203", "user_id": "WEBAPP", "details": "processor=MedicalDocumentProcessor"}
{"timestamp": "2025-10-20T17:52:43.980497", "action": "DOCUMENT_UPLOAD", "patient_id_hash": "6e0db23e574a1ab873107c341efbc5fa22616d3eecb1cecfac12b9d22589c203", "user_id": "WEBAPP", "details": "processor=MedicalDocumentProcessor"}
{"timestamp": "2025-10-20T17:57:57.026264", "action": "DOCUMENT_UPLOAD", "patient_id_hash": "6e0db23e574a1ab873107c341efbc5fa22616d3eecb1cecfac12b9d22589c203", "user_id": "WEBAPP", "details": "processor=MedicalDocumentProcessor"}
{"timestamp": "2025-10-20T18:10:18.798072", "action": "DOCUMENT_UPLOAD", "patient_id_hash": "6e0db23e574a1ab873107c341efbc5fa22616d3eecb1cecfac12b9d22589c203", "user_id": "WEBAPP", "details": "processor=MedicalDocumentProcessor"}
{"timestamp": "2025-10-20T18:10:22.869097", "action": "ERROR", "component": "MedicalDocumentProcessor", "patient_id_hash": "6e0db23e574a1ab873107c341efbc5fa22616d3eecb1cecfac12b9d22589c203", "error": "name 'normalized_excerpt' is not defined"}
{"timestamp": "2025-10-20T18:11:27.012064", "action": "DOCUMENT_UPLOAD", "patient_id_hash": "6e0db23e574a1ab873107c341efbc5fa22616d3eecb1cecfac12b9d22589c203", "user_id": "WEBAPP", "details": "processor=MedicalDocumentProcessor"}
{"timestamp": "2025-10-20T18:11:30.240899", "action": "ERROR", "component": "MedicalDocumentProcessor", "patient_id_hash": "6e0db23e574a1ab873107c341efbc5fa22616d3eecb1cecfac12b9d22589c203", "error": "name 'normalized_excerpt' is not defined"}
{"timestamp": "2025-10-20T18:14:19.565289", "action": "DOCUMENT_UPLOAD", "patient_id_hash": "6e0db23e574a1ab873107c341efbc5fa22616d3eecb1cecfac12b9d22589c203", "user_id": "WEBAPP", "details": "processor=MedicalDocumentProcessor"}
{"timestamp": "2025-10-20T18:14:23.917844", "action": "ERROR", "component": "MedicalDocumentProcessor", "patient_id_hash": "6e0db23e574a1ab873107c341efbc5fa22616d3eecb1cecfac12b9d22589c203", "error": "name 'normalized_excerpt' is not defined"}
{"timestamp": "2025-10-20T18:19:41.341191", "action": "DOCUMENT_UPLOAD", "patient_id_hash": "6e0db23e574a1ab873107c341efbc5fa22616d3eecb1cecfac12b9d22589c203", "user_id": "WEBAPP", "details": "processor=MedicalDocumentProcessor"}
{"timestamp": "2025-10-20T18:19:41.359727", "action": "ERROR", "component": "SummaryEngine", "patient_id_hash": "6e0db23e574a1ab873107c341efbc5fa22616d3eecb1cecfac12b9d22589c203", "error": "summary failed: 'ClinicalRecommendationEngine' object has no attribute 'summarize'"}
{"timestamp": "2025-10-20T18:19:44.730852", "action": "ERROR", "component": "RecEngine", "patient_id_hash": "6e0db23e574a1ab873107c341efbc5fa22616d3eecb1cecfac12b9d22589c203", "error": "recommendation failed: 'ClinicalRecommendationEngine' object has no attribute 'generate_recommendation'"}
{"timestamp": "2025-10-20T18:19:44.731850", "action": "ERROR", "component": "MedicalDocumentProcessor", "patient_id_hash": "6e0db23e574a1ab873107c341efbc5fa22616d3eecb1cecfac12b9d22589c203", "error": "'ClinicalRecommendationEngine' object has no attribute '_fallback_recommendation'"}
{"timestamp": "2025-10-20T18:23:09.227779", "action": "DOCUMENT_UPLOAD", "patient_id_hash": "6e0db23e574a1ab873107c341efbc5fa22616d3eecb1cecfac12b9d22589c203", "user_id": "WEBAPP", "details": "processor=MedicalDocumentProcessor"}
{"timestamp": "2025-10-20T18:23:09.260669", "action": "ERROR", "component": "SummaryEngine", "patient_id_hash": "6e0db23e574a1ab873107c341efbc5fa22616d3eecb1cecfac12b9d22589c203", "error": "summary failed: 'ClinicalRecommendationEngine' object has no attribute 'summarize'"}
{"timestamp": "2025-10-20T18:23:12.444410", "action": "ERROR", "component": "RecEngine", "patient_id_hash": "6e0db23e574a1ab873107c341efbc5fa22616d3eecb1cecfac12b9d22589c203", "error": "recommendation failed: 'ClinicalRecommendationEngine' object has no attribute 'generate_recommendation'"}
{"timestamp": "2025-10-20T18:23:12.445257", "action": "ERROR", "component": "MedicalDocumentProcessor", "patient_id_hash": "6e0db23e574a1ab873107c341efbc5fa22616d3eecb1cecfac12b9d22589c203", "error": "'ClinicalRecommendationEngine' object has no attribute '_fallback_recommendation'"}
{"timestamp": "2025-10-20T18:24:30.832592", "action": "DOCUMENT_UPLOAD", "patient_id_hash": "6e0db23e574a1ab873107c341efbc5fa22616d3eecb1cecfac12b9d22589c203", "user_id": "WEBAPP", "details": "processor=MedicalDocumentProcessor"}
{"timestamp": "2025-10-20T18:24:34.581798", "action": "ERROR", "component": "MedicalDocumentProcessor", "patient_id_hash": "6e0db23e574a1ab873107c341efbc5fa22616d3eecb1cecfac12b9d22589c203", "error": "name 'normalized_excerpt' is not defined"}
{"timestamp": "2025-10-20T18:26:25.819708", "action": "DOCUMENT_UPLOAD", "patient_id_hash": "6e0db23e574a1ab873107c341efbc5fa22616d3eecb1cecfac12b9d22589c203", "user_id": "WEBAPP", "details": "processor=MedicalDocumentProcessor"}
{"timestamp": "2025-10-20T18:26:38.205732", "action": "DOCUMENT_UPLOAD", "patient_id_hash": "6e0db23e574a1ab873107c341efbc5fa22616d3eecb1cecfac12b9d22589c203", "user_id": "WEBAPP", "details": "processor=MedicalDocumentProcessor"}
{"timestamp": "2025-10-20T18:26:52.598306", "action": "DOCUMENT_UPLOAD", "patient_id_hash": "6e0db23e574a1ab873107c341efbc5fa22616d3eecb1cecfac12b9d22589c203", "user_id": "WEBAPP", "details": "processor=MedicalDocumentProcessor"}
{"timestamp": "2025-10-20T18:27:14.759904", "action": "DOCUMENT_UPLOAD", "patient_id_hash": "6e0db23e574a1ab873107c341efbc5fa22616d3eecb1cecfac12b9d22589c203", "user_id": "WEBAPP", "details": "processor=MedicalDocumentProcessor"}
{"timestamp": "2025-10-20T18:27:22.837461", "action": "DOCUMENT_UPLOAD", "patient_id_hash": "6e0db23e574a1ab873107c341efbc5fa22616d3eecb1cecfac12b9d22589c203", "user_id": "WEBAPP", "details": "processor=MedicalDocumentProcessor"}
{"timestamp": "2025-10-20T19:01:06.682396", "action": "DOCUMENT_UPLOAD", "patient_id_hash": "6e0db23e574a1ab873107c341efbc5fa22616d3eecb1cecfac12b9d22589c203", "user_id": "WEBAPP", "details": "processor=MedicalDocumentProcessor"}
